[debug] [2025-08-11T07:24:40.301Z] ----------------------------------------------------------------------
[debug] [2025-08-11T07:24:40.306Z] Command:       C:\Program Files\nodejs\node.exe C:\Users\jaden\AppData\Roaming\npm\node_modules\firebase-tools\lib\bin\firebase.js deploy --only functions
[debug] [2025-08-11T07:24:40.307Z] CLI Version:   14.12.0
[debug] [2025-08-11T07:24:40.307Z] Platform:      win32
[debug] [2025-08-11T07:24:40.308Z] Node Version:  v22.17.1
[debug] [2025-08-11T07:24:40.308Z] Time:          Mon Aug 11 2025 16:24:40 GMT+0900 (대한민국 표준시)
[debug] [2025-08-11T07:24:40.309Z] ----------------------------------------------------------------------
[debug] 
[debug] [2025-08-11T07:24:40.687Z] Field "/functions" in "firebase.json" is possibly invalid: must be object
[debug] [2025-08-11T07:24:40.687Z] Object "/functions/0" in "firebase.json" has unknown property: {"additionalProperty":"platform"}
[debug] [2025-08-11T07:24:40.688Z] Field "/functions" in "firebase.json" is possibly invalid: must match a schema in anyOf
[debug] [2025-08-11T07:24:40.691Z] > command requires scopes: ["email","openid","https://www.googleapis.com/auth/cloudplatformprojects.readonly","https://www.googleapis.com/auth/firebase","https://www.googleapis.com/auth/cloud-platform"]
[debug] [2025-08-11T07:24:40.692Z] > authorizing via signed-in user (skdhbegjk@gmail.com)
[debug] [2025-08-11T07:24:40.692Z] [iam] checking project twinow3-app for permissions ["cloudfunctions.functions.create","cloudfunctions.functions.delete","cloudfunctions.functions.get","cloudfunctions.functions.list","cloudfunctions.functions.update","cloudfunctions.operations.get","firebase.projects.get"]
[debug] [2025-08-11T07:24:40.693Z] Checked if tokens are valid: true, expires at: 1754898732873
[debug] [2025-08-11T07:24:40.693Z] Checked if tokens are valid: true, expires at: 1754898732873
[debug] [2025-08-11T07:24:40.694Z] >>> [apiv2][query] POST https://cloudresourcemanager.googleapis.com/v1/projects/twinow3-app:testIamPermissions [none]
[debug] [2025-08-11T07:24:40.694Z] >>> [apiv2][(partial)header] POST https://cloudresourcemanager.googleapis.com/v1/projects/twinow3-app:testIamPermissions x-goog-quota-user=projects/twinow3-app
[debug] [2025-08-11T07:24:40.694Z] >>> [apiv2][body] POST https://cloudresourcemanager.googleapis.com/v1/projects/twinow3-app:testIamPermissions {"permissions":["cloudfunctions.functions.create","cloudfunctions.functions.delete","cloudfunctions.functions.get","cloudfunctions.functions.list","cloudfunctions.functions.update","cloudfunctions.operations.get","firebase.projects.get"]}
[debug] [2025-08-11T07:24:41.089Z] <<< [apiv2][status] POST https://cloudresourcemanager.googleapis.com/v1/projects/twinow3-app:testIamPermissions 200
[debug] [2025-08-11T07:24:41.089Z] <<< [apiv2][body] POST https://cloudresourcemanager.googleapis.com/v1/projects/twinow3-app:testIamPermissions {"permissions":["cloudfunctions.functions.create","cloudfunctions.functions.delete","cloudfunctions.functions.get","cloudfunctions.functions.list","cloudfunctions.functions.update","cloudfunctions.operations.get","firebase.projects.get"]}
[debug] [2025-08-11T07:24:41.090Z] Checked if tokens are valid: true, expires at: 1754898732873
[debug] [2025-08-11T07:24:41.091Z] Checked if tokens are valid: true, expires at: 1754898732873
[debug] [2025-08-11T07:24:41.091Z] >>> [apiv2][query] POST https://iam.googleapis.com/v1/projects/twinow3-app/serviceAccounts/twinow3-app@appspot.gserviceaccount.com:testIamPermissions [none]
[debug] [2025-08-11T07:24:41.091Z] >>> [apiv2][body] POST https://iam.googleapis.com/v1/projects/twinow3-app/serviceAccounts/twinow3-app@appspot.gserviceaccount.com:testIamPermissions {"permissions":["iam.serviceAccounts.actAs"]}
[debug] [2025-08-11T07:24:42.593Z] <<< [apiv2][status] POST https://iam.googleapis.com/v1/projects/twinow3-app/serviceAccounts/twinow3-app@appspot.gserviceaccount.com:testIamPermissions 200
[debug] [2025-08-11T07:24:42.593Z] <<< [apiv2][body] POST https://iam.googleapis.com/v1/projects/twinow3-app/serviceAccounts/twinow3-app@appspot.gserviceaccount.com:testIamPermissions {"permissions":["iam.serviceAccounts.actAs"]}
[info] 
[info] === Deploying to 'twinow3-app'...
[info] 
[info] i  deploying functions 
[debug] [2025-08-11T07:38:19.036Z] Checked if tokens are valid: false, expires at: 1754898732873
[debug] [2025-08-11T07:38:19.036Z] Checked if tokens are valid: false, expires at: 1754898732873
[debug] [2025-08-11T07:38:19.036Z] > refreshing access token with scopes: []
[debug] [2025-08-11T07:38:19.038Z] >>> [apiv2][query] POST https://www.googleapis.com/oauth2/v3/token [none]
[debug] [2025-08-11T07:38:19.038Z] >>> [apiv2][body] POST https://www.googleapis.com/oauth2/v3/token [omitted]
